<?xml version="1.0" encoding="UTF-8"?>
<testng-results ignored="0" total="1" passed="1" failed="0" skipped="0">
  <reporter-output>
    <line>
      <![CDATA[DB Connectivity established]]>
    </line>
    <line>
      <![CDATA[preconditions]]>
    </line>
  </reporter-output>
  <suite started-at="2025-07-31T23:22:13 IST" name="Default suite" finished-at="2025-07-31T23:22:22 IST" duration-ms="9298">
    <groups>
      <group name="smoke">
        <method signature="TC02_CamaignSelectDatedAfter30DaysTest.campainexpdate()[pri:0, instance:testcasestestng.TC02_CamaignSelectDatedAfter30DaysTest@4be29ed9]" name="campainexpdate" class="testcasestestng.TC02_CamaignSelectDatedAfter30DaysTest"/>
      </group> <!-- smoke -->
    </groups>
    <test started-at="2025-07-31T23:22:13 IST" name="Default test" finished-at="2025-07-31T23:22:22 IST" duration-ms="9298">
      <class name="testcasestestng.TC02_CamaignSelectDatedAfter30DaysTest">
        <test-method is-config="true" signature="beforesuite()[pri:0, instance:testcasestestng.TC02_CamaignSelectDatedAfter30DaysTest@4be29ed9]" started-at="2025-07-31T23:22:13 IST" name="beforesuite" finished-at="2025-07-31T23:22:13 IST" duration-ms="21" status="PASS">
          <reporter-output>
            <line>
              <![CDATA[DB Connectivity established]]>
            </line>
          </reporter-output>
        </test-method> <!-- beforesuite -->
        <test-method is-config="true" signature="beforeTest()[pri:0, instance:testcasestestng.TC02_CamaignSelectDatedAfter30DaysTest@4be29ed9]" started-at="2025-07-31T23:22:13 IST" name="beforeTest" finished-at="2025-07-31T23:22:13 IST" duration-ms="1" status="PASS">
          <reporter-output>
            <line>
              <![CDATA[preconditions]]>
            </line>
          </reporter-output>
        </test-method> <!-- beforeTest -->
        <test-method is-config="true" signature="beforeclass()[pri:0, instance:testcasestestng.TC02_CamaignSelectDatedAfter30DaysTest@4be29ed9]" started-at="2025-07-31T23:22:13 IST" name="beforeclass" finished-at="2025-07-31T23:22:16 IST" duration-ms="2857" status="PASS">
          <reporter-output>
          </reporter-output>
        </test-method> <!-- beforeclass -->
        <test-method is-config="true" signature="beforeMethoe()[pri:0, instance:testcasestestng.TC02_CamaignSelectDatedAfter30DaysTest@4be29ed9]" started-at="2025-07-31T23:22:16 IST" name="beforeMethoe" finished-at="2025-07-31T23:22:17 IST" duration-ms="1406" status="PASS">
          <reporter-output>
          </reporter-output>
        </test-method> <!-- beforeMethoe -->
        <test-method signature="campainexpdate()[pri:0, instance:testcasestestng.TC02_CamaignSelectDatedAfter30DaysTest@4be29ed9]" started-at="2025-07-31T23:22:17 IST" name="campainexpdate" finished-at="2025-07-31T23:22:21 IST" duration-ms="3651" status="PASS">
          <reporter-output>
          </reporter-output>
        </test-method> <!-- campainexpdate -->
        <test-method is-config="true" signature="aftermethod()[pri:0, instance:testcasestestng.TC02_CamaignSelectDatedAfter30DaysTest@4be29ed9]" started-at="2025-07-31T23:22:21 IST" name="aftermethod" finished-at="2025-07-31T23:22:22 IST" duration-ms="890" status="PASS">
          <reporter-output>
          </reporter-output>
        </test-method> <!-- aftermethod -->
        <test-method is-config="true" signature="afterClass()[pri:0, instance:testcasestestng.TC02_CamaignSelectDatedAfter30DaysTest@4be29ed9]" started-at="2025-07-31T23:22:22 IST" name="afterClass" finished-at="2025-07-31T23:22:22 IST" duration-ms="367" status="PASS">
          <reporter-output>
          </reporter-output>
        </test-method> <!-- afterClass -->
        <test-method is-config="true" signature="aftertest()[pri:0, instance:testcasestestng.TC02_CamaignSelectDatedAfter30DaysTest@4be29ed9]" started-at="2025-07-31T23:22:22 IST" name="aftertest" finished-at="2025-07-31T23:22:22 IST" duration-ms="1" status="PASS">
          <reporter-output>
          </reporter-output>
        </test-method> <!-- aftertest -->
        <test-method is-config="true" signature="afterSuite()[pri:0, instance:testcasestestng.TC02_CamaignSelectDatedAfter30DaysTest@4be29ed9]" started-at="2025-07-31T23:22:22 IST" name="afterSuite" finished-at="2025-07-31T23:22:22 IST" duration-ms="1" status="PASS">
          <reporter-output>
          </reporter-output>
        </test-method> <!-- afterSuite -->
      </class> <!-- testcasestestng.TC02_CamaignSelectDatedAfter30DaysTest -->
    </test> <!-- Default test -->
  </suite> <!-- Default suite -->
</testng-results>
