<?xml version="1.0" encoding="UTF-8"?>
<testng-results ignored="0" total="1" passed="1" failed="0" skipped="0">
  <reporter-output>
    <line>
      <![CDATA[report configuration]]>
    </line>
    <line>
      <![CDATA[DB Connectivity established]]>
    </line>
    <line>
      <![CDATA[preconditions]]>
    </line>
  </reporter-output>
  <suite started-at="2025-07-26T07:22:10 IST" name="Default suite" finished-at="2025-07-26T07:22:23 IST" duration-ms="12741">
    <groups>
    </groups>
    <test started-at="2025-07-26T07:22:10 IST" name="Default test" finished-at="2025-07-26T07:22:23 IST" duration-ms="12741">
      <class name="testcasestestng.TC01_CreateCampaignTest">
        <test-method is-config="true" signature="beforesuite()[pri:0, instance:testcasestestng.TC01_CreateCampaignTest@4be29ed9]" started-at="2025-07-26T07:22:10 IST" name="beforesuite" finished-at="2025-07-26T07:22:10 IST" duration-ms="20" status="PASS">
          <reporter-output>
            <line>
              <![CDATA[DB Connectivity established]]>
            </line>
          </reporter-output>
        </test-method> <!-- beforesuite -->
        <test-method is-config="true" signature="beforeTest()[pri:0, instance:testcasestestng.TC01_CreateCampaignTest@4be29ed9]" started-at="2025-07-26T07:22:10 IST" name="beforeTest" finished-at="2025-07-26T07:22:10 IST" duration-ms="1" status="PASS">
          <reporter-output>
            <line>
              <![CDATA[preconditions]]>
            </line>
          </reporter-output>
        </test-method> <!-- beforeTest -->
        <test-method is-config="true" signature="beforeclass()[pri:0, instance:testcasestestng.TC01_CreateCampaignTest@4be29ed9]" started-at="2025-07-26T07:22:10 IST" name="beforeclass" finished-at="2025-07-26T07:22:13 IST" duration-ms="2503" status="PASS">
          <reporter-output>
          </reporter-output>
        </test-method> <!-- beforeclass -->
        <test-method is-config="true" signature="beforeMethoe()[pri:0, instance:testcasestestng.TC01_CreateCampaignTest@4be29ed9]" started-at="2025-07-26T07:22:13 IST" name="beforeMethoe" finished-at="2025-07-26T07:22:15 IST" duration-ms="1719" status="PASS">
          <reporter-output>
          </reporter-output>
        </test-method> <!-- beforeMethoe -->
        <test-method signature="createcampaign()[pri:0, instance:testcasestestng.TC01_CreateCampaignTest@4be29ed9]" started-at="2025-07-26T07:22:15 IST" name="createcampaign" finished-at="2025-07-26T07:22:21 IST" duration-ms="6199" status="PASS">
          <reporter-output>
          </reporter-output>
        </test-method> <!-- createcampaign -->
        <test-method is-config="true" signature="aftermethod()[pri:0, instance:testcasestestng.TC01_CreateCampaignTest@4be29ed9]" started-at="2025-07-26T07:22:21 IST" name="aftermethod" finished-at="2025-07-26T07:22:23 IST" duration-ms="1752" status="PASS">
          <reporter-output>
          </reporter-output>
        </test-method> <!-- aftermethod -->
        <test-method is-config="true" signature="afterClass()[pri:0, instance:testcasestestng.TC01_CreateCampaignTest@4be29ed9]" started-at="2025-07-26T07:22:23 IST" name="afterClass" finished-at="2025-07-26T07:22:23 IST" duration-ms="462" status="PASS">
          <reporter-output>
          </reporter-output>
        </test-method> <!-- afterClass -->
        <test-method is-config="true" signature="aftertest()[pri:0, instance:testcasestestng.TC01_CreateCampaignTest@4be29ed9]" started-at="2025-07-26T07:22:23 IST" name="aftertest" finished-at="2025-07-26T07:22:23 IST" duration-ms="7" status="PASS">
          <reporter-output>
          </reporter-output>
        </test-method> <!-- aftertest -->
        <test-method is-config="true" signature="afterSuite()[pri:0, instance:testcasestestng.TC01_CreateCampaignTest@4be29ed9]" started-at="2025-07-26T07:22:23 IST" name="afterSuite" finished-at="2025-07-26T07:22:23 IST" duration-ms="1" status="PASS">
          <reporter-output>
          </reporter-output>
        </test-method> <!-- afterSuite -->
      </class> <!-- testcasestestng.TC01_CreateCampaignTest -->
    </test> <!-- Default test -->
  </suite> <!-- Default suite -->
</testng-results>
